  petal.cpp
  main.cpp
  コードを生成中...
  スキップ中... (関連する変更は検出されませんでした)
  ui.cpp
  title.cpp
  time.cpp
  stage.cpp
  sound.cpp
  shadow.cpp
  setting.cpp
  score.cpp
  result.cpp
  player4.cpp
  player3.cpp
  player2.cpp
  player.cpp
  pause.cpp
  meshfield.cpp
  menu.cpp
  manual.cpp
  light.cpp
  item.cpp
  game.cpp
  fire.cpp
  enemy.cpp
  effect.cpp
  controller.cpp
  collision.cpp
  camera.cpp
  bullet.cpp
  boss.cpp
  bomb.cpp
  block.cpp
  3DTeamProject.vcxproj -> C:\Users\GSP048\Documents\Visual Studio 2015\Projects\3DTeamProject\Debug\3DTeamProject.exe
  3DTeamProject.vcxproj -> C:\Users\GSP048\Documents\Visual Studio 2015\Projects\3DTeamProject\Debug\3DTeamProject.pdb (Full PDB)
