  スキップ中... (関連する変更は検出されませんでした)
  wall.cpp
  ui.cpp
  title.cpp
  shadow.cpp
  score.cpp
  result.cpp
  ranking.cpp
  player.cpp
  pause.cpp
  model.cpp
  meshfield.cpp
  main.cpp
  light.cpp
  item.cpp
  fade.cpp
  enemylife.cpp
  enemy.cpp
  effect2.cpp
  effect.cpp
  controller.cpp
  collision.cpp
  campaign.cpp
  camera.cpp
  bullet.cpp
  boss.cpp
  block.cpp
  bg.cpp
  PLASTIC TROOPERS.vcxproj -> C:\Users\GSP048\Documents\Visual Studio 2015\Projects\PLASTIC TROOPERS\Debug\PLASTIC TROOPERS.exe
  PLASTIC TROOPERS.vcxproj -> C:\Users\GSP048\Documents\Visual Studio 2015\Projects\PLASTIC TROOPERS\Debug\PLASTIC TROOPERS.pdb (Full PDB)
